[2022-06-01 03:01:44] local.ERROR: Class "Fideloper\Proxy\TrustProxies" not found {"exception":"[object] (Error(code: 0): Class \"Fideloper\\Proxy\\TrustProxies\" not found at C:\\Users\\Suraj Parui\\Desktop\\laravel\\booking\\app\\Http\\Middleware\\TrustProxies.php:8)
[stacktrace]
#0 C:\\Users\\Suraj Parui\\Desktop\\laravel\\booking\\vendor\\composer\\ClassLoader.php(571): include()
#1 C:\\Users\\Suraj Parui\\Desktop\\laravel\\booking\\vendor\\composer\\ClassLoader.php(428): Composer\\Autoload\\includeFile('C:\\\\Users\\\\Suraj ...')
#2 [internal function]: Composer\\Autoload\\ClassLoader->loadClass('App\\\\Http\\\\Middle...')
#3 C:\\Users\\Suraj Parui\\Desktop\\laravel\\booking\\vendor\\laravel\\framework\\src\\Illuminate\\Container\\Container.php(875): ReflectionClass->__construct('App\\\\Http\\\\Middle...')
#4 C:\\Users\\Suraj Parui\\Desktop\\laravel\\booking\\vendor\\laravel\\framework\\src\\Illuminate\\Container\\Container.php(756): Illuminate\\Container\\Container->build('App\\\\Http\\\\Middle...')
#5 C:\\Users\\Suraj Parui\\Desktop\\laravel\\booking\\vendor\\laravel\\framework\\src\\Illuminate\\Foundation\\Application.php(855): Illuminate\\Container\\Container->resolve('App\\\\Http\\\\Middle...', Array, true)
#6 C:\\Users\\Suraj Parui\\Desktop\\laravel\\booking\\vendor\\laravel\\framework\\src\\Illuminate\\Container\\Container.php(692): Illuminate\\Foundation\\Application->resolve('App\\\\Http\\\\Middle...', Array)
#7 C:\\Users\\Suraj Parui\\Desktop\\laravel\\booking\\vendor\\laravel\\framework\\src\\Illuminate\\Foundation\\Application.php(840): Illuminate\\Container\\Container->make('App\\\\Http\\\\Middle...', Array)
#8 C:\\Users\\Suraj Parui\\Desktop\\laravel\\booking\\vendor\\laravel\\framework\\src\\Illuminate\\Pipeline\\Pipeline.php(169): Illuminate\\Foundation\\Application->make('App\\\\Http\\\\Middle...')
#9 C:\\Users\\Suraj Parui\\Desktop\\laravel\\booking\\vendor\\laravel\\framework\\src\\Illuminate\\Pipeline\\Pipeline.php(116): Illuminate\\Pipeline\\Pipeline->Illuminate\\Pipeline\\{closure}(Object(Illuminate\\Http\\Request))
#10 C:\\Users\\Suraj Parui\\Desktop\\laravel\\booking\\vendor\\laravel\\framework\\src\\Illuminate\\Foundation\\Http\\Kernel.php(142): Illuminate\\Pipeline\\Pipeline->then(Object(Closure))
#11 C:\\Users\\Suraj Parui\\Desktop\\laravel\\booking\\vendor\\laravel\\framework\\src\\Illuminate\\Foundation\\Http\\Kernel.php(111): Illuminate\\Foundation\\Http\\Kernel->sendRequestThroughRouter(Object(Illuminate\\Http\\Request))
#12 C:\\Users\\Suraj Parui\\Desktop\\laravel\\booking\\public\\index.php(52): Illuminate\\Foundation\\Http\\Kernel->handle(Object(Illuminate\\Http\\Request))
#13 C:\\Users\\Suraj Parui\\Desktop\\laravel\\booking\\server.php(21): require_once('C:\\\\Users\\\\Suraj ...')
#14 {main}
"} 
[2022-06-01 03:01:44] local.ERROR: Class "Fideloper\Proxy\TrustProxies" not found {"exception":"[object] (Error(code: 0): Class \"Fideloper\\Proxy\\TrustProxies\" not found at C:\\Users\\Suraj Parui\\Desktop\\laravel\\booking\\app\\Http\\Middleware\\TrustProxies.php:8)
[stacktrace]
#0 C:\\Users\\Suraj Parui\\Desktop\\laravel\\booking\\vendor\\composer\\ClassLoader.php(571): include()
#1 C:\\Users\\Suraj Parui\\Desktop\\laravel\\booking\\vendor\\composer\\ClassLoader.php(428): Composer\\Autoload\\includeFile('C:\\\\Users\\\\Suraj ...')
#2 [internal function]: Composer\\Autoload\\ClassLoader->loadClass('App\\\\Http\\\\Middle...')
#3 C:\\Users\\Suraj Parui\\Desktop\\laravel\\booking\\vendor\\laravel\\framework\\src\\Illuminate\\Container\\Container.php(875): ReflectionClass->__construct('App\\\\Http\\\\Middle...')
#4 C:\\Users\\Suraj Parui\\Desktop\\laravel\\booking\\vendor\\laravel\\framework\\src\\Illuminate\\Container\\Container.php(756): Illuminate\\Container\\Container->build('App\\\\Http\\\\Middle...')
#5 C:\\Users\\Suraj Parui\\Desktop\\laravel\\booking\\vendor\\laravel\\framework\\src\\Illuminate\\Foundation\\Application.php(855): Illuminate\\Container\\Container->resolve('App\\\\Http\\\\Middle...', Array, true)
#6 C:\\Users\\Suraj Parui\\Desktop\\laravel\\booking\\vendor\\laravel\\framework\\src\\Illuminate\\Container\\Container.php(692): Illuminate\\Foundation\\Application->resolve('App\\\\Http\\\\Middle...', Array)
#7 C:\\Users\\Suraj Parui\\Desktop\\laravel\\booking\\vendor\\laravel\\framework\\src\\Illuminate\\Foundation\\Application.php(840): Illuminate\\Container\\Container->make('App\\\\Http\\\\Middle...', Array)
#8 C:\\Users\\Suraj Parui\\Desktop\\laravel\\booking\\vendor\\laravel\\framework\\src\\Illuminate\\Foundation\\Http\\Kernel.php(206): Illuminate\\Foundation\\Application->make('App\\\\Http\\\\Middle...')
#9 C:\\Users\\Suraj Parui\\Desktop\\laravel\\booking\\vendor\\laravel\\framework\\src\\Illuminate\\Foundation\\Http\\Kernel.php(180): Illuminate\\Foundation\\Http\\Kernel->terminateMiddleware(Object(Illuminate\\Http\\Request), Object(Illuminate\\Http\\Response))
#10 C:\\Users\\Suraj Parui\\Desktop\\laravel\\booking\\public\\index.php(55): Illuminate\\Foundation\\Http\\Kernel->terminate(Object(Illuminate\\Http\\Request), Object(Illuminate\\Http\\Response))
#11 C:\\Users\\Suraj Parui\\Desktop\\laravel\\booking\\server.php(21): require_once('C:\\\\Users\\\\Suraj ...')
#12 {main}
"} 
[2022-06-01 04:08:29] local.ERROR: Class "Fideloper\Proxy\TrustProxies" not found {"exception":"[object] (Error(code: 0): Class \"Fideloper\\Proxy\\TrustProxies\" not found at C:\\Users\\Suraj Parui\\Desktop\\laravel\\booking\\app\\Http\\Middleware\\TrustProxies.php:8)
[stacktrace]
#0 C:\\Users\\Suraj Parui\\Desktop\\laravel\\booking\\vendor\\composer\\ClassLoader.php(571): include()
#1 C:\\Users\\Suraj Parui\\Desktop\\laravel\\booking\\vendor\\composer\\ClassLoader.php(428): Composer\\Autoload\\includeFile('C:\\\\Users\\\\Suraj ...')
#2 [internal function]: Composer\\Autoload\\ClassLoader->loadClass('App\\\\Http\\\\Middle...')
#3 C:\\Users\\Suraj Parui\\Desktop\\laravel\\booking\\vendor\\laravel\\framework\\src\\Illuminate\\Container\\Container.php(875): ReflectionClass->__construct('App\\\\Http\\\\Middle...')
#4 C:\\Users\\Suraj Parui\\Desktop\\laravel\\booking\\vendor\\laravel\\framework\\src\\Illuminate\\Container\\Container.php(756): Illuminate\\Container\\Container->build('App\\\\Http\\\\Middle...')
#5 C:\\Users\\Suraj Parui\\Desktop\\laravel\\booking\\vendor\\laravel\\framework\\src\\Illuminate\\Foundation\\Application.php(855): Illuminate\\Container\\Container->resolve('App\\\\Http\\\\Middle...', Array, true)
#6 C:\\Users\\Suraj Parui\\Desktop\\laravel\\booking\\vendor\\laravel\\framework\\src\\Illuminate\\Container\\Container.php(692): Illuminate\\Foundation\\Application->resolve('App\\\\Http\\\\Middle...', Array)
#7 C:\\Users\\Suraj Parui\\Desktop\\laravel\\booking\\vendor\\laravel\\framework\\src\\Illuminate\\Foundation\\Application.php(840): Illuminate\\Container\\Container->make('App\\\\Http\\\\Middle...', Array)
#8 C:\\Users\\Suraj Parui\\Desktop\\laravel\\booking\\vendor\\laravel\\framework\\src\\Illuminate\\Pipeline\\Pipeline.php(169): Illuminate\\Foundation\\Application->make('App\\\\Http\\\\Middle...')
#9 C:\\Users\\Suraj Parui\\Desktop\\laravel\\booking\\vendor\\laravel\\framework\\src\\Illuminate\\Pipeline\\Pipeline.php(116): Illuminate\\Pipeline\\Pipeline->Illuminate\\Pipeline\\{closure}(Object(Illuminate\\Http\\Request))
#10 C:\\Users\\Suraj Parui\\Desktop\\laravel\\booking\\vendor\\laravel\\framework\\src\\Illuminate\\Foundation\\Http\\Kernel.php(142): Illuminate\\Pipeline\\Pipeline->then(Object(Closure))
#11 C:\\Users\\Suraj Parui\\Desktop\\laravel\\booking\\vendor\\laravel\\framework\\src\\Illuminate\\Foundation\\Http\\Kernel.php(111): Illuminate\\Foundation\\Http\\Kernel->sendRequestThroughRouter(Object(Illuminate\\Http\\Request))
#12 C:\\Users\\Suraj Parui\\Desktop\\laravel\\booking\\public\\index.php(52): Illuminate\\Foundation\\Http\\Kernel->handle(Object(Illuminate\\Http\\Request))
#13 C:\\Users\\Suraj Parui\\Desktop\\laravel\\booking\\server.php(21): require_once('C:\\\\Users\\\\Suraj ...')
#14 {main}
"} 
[2022-06-01 04:08:30] local.ERROR: Class "Fideloper\Proxy\TrustProxies" not found {"exception":"[object] (Error(code: 0): Class \"Fideloper\\Proxy\\TrustProxies\" not found at C:\\Users\\Suraj Parui\\Desktop\\laravel\\booking\\app\\Http\\Middleware\\TrustProxies.php:8)
[stacktrace]
#0 C:\\Users\\Suraj Parui\\Desktop\\laravel\\booking\\vendor\\composer\\ClassLoader.php(571): include()
#1 C:\\Users\\Suraj Parui\\Desktop\\laravel\\booking\\vendor\\composer\\ClassLoader.php(428): Composer\\Autoload\\includeFile('C:\\\\Users\\\\Suraj ...')
#2 [internal function]: Composer\\Autoload\\ClassLoader->loadClass('App\\\\Http\\\\Middle...')
#3 C:\\Users\\Suraj Parui\\Desktop\\laravel\\booking\\vendor\\laravel\\framework\\src\\Illuminate\\Container\\Container.php(875): ReflectionClass->__construct('App\\\\Http\\\\Middle...')
#4 C:\\Users\\Suraj Parui\\Desktop\\laravel\\booking\\vendor\\laravel\\framework\\src\\Illuminate\\Container\\Container.php(756): Illuminate\\Container\\Container->build('App\\\\Http\\\\Middle...')
#5 C:\\Users\\Suraj Parui\\Desktop\\laravel\\booking\\vendor\\laravel\\framework\\src\\Illuminate\\Foundation\\Application.php(855): Illuminate\\Container\\Container->resolve('App\\\\Http\\\\Middle...', Array, true)
#6 C:\\Users\\Suraj Parui\\Desktop\\laravel\\booking\\vendor\\laravel\\framework\\src\\Illuminate\\Container\\Container.php(692): Illuminate\\Foundation\\Application->resolve('App\\\\Http\\\\Middle...', Array)
#7 C:\\Users\\Suraj Parui\\Desktop\\laravel\\booking\\vendor\\laravel\\framework\\src\\Illuminate\\Foundation\\Application.php(840): Illuminate\\Container\\Container->make('App\\\\Http\\\\Middle...', Array)
#8 C:\\Users\\Suraj Parui\\Desktop\\laravel\\booking\\vendor\\laravel\\framework\\src\\Illuminate\\Foundation\\Http\\Kernel.php(206): Illuminate\\Foundation\\Application->make('App\\\\Http\\\\Middle...')
#9 C:\\Users\\Suraj Parui\\Desktop\\laravel\\booking\\vendor\\laravel\\framework\\src\\Illuminate\\Foundation\\Http\\Kernel.php(180): Illuminate\\Foundation\\Http\\Kernel->terminateMiddleware(Object(Illuminate\\Http\\Request), Object(Illuminate\\Http\\Response))
#10 C:\\Users\\Suraj Parui\\Desktop\\laravel\\booking\\public\\index.php(55): Illuminate\\Foundation\\Http\\Kernel->terminate(Object(Illuminate\\Http\\Request), Object(Illuminate\\Http\\Response))
#11 C:\\Users\\Suraj Parui\\Desktop\\laravel\\booking\\server.php(21): require_once('C:\\\\Users\\\\Suraj ...')
#12 {main}
"} 
[2022-06-01 04:22:03] local.ERROR: Class "Fideloper\Proxy\TrustProxies" not found {"exception":"[object] (Error(code: 0): Class \"Fideloper\\Proxy\\TrustProxies\" not found at C:\\Users\\Suraj Parui\\Desktop\\laravel\\booking\\app\\Http\\Middleware\\TrustProxies.php:8)
[stacktrace]
#0 C:\\Users\\Suraj Parui\\Desktop\\laravel\\booking\\vendor\\composer\\ClassLoader.php(571): include()
#1 C:\\Users\\Suraj Parui\\Desktop\\laravel\\booking\\vendor\\composer\\ClassLoader.php(428): Composer\\Autoload\\includeFile('C:\\\\Users\\\\Suraj ...')
#2 [internal function]: Composer\\Autoload\\ClassLoader->loadClass('App\\\\Http\\\\Middle...')
#3 C:\\Users\\Suraj Parui\\Desktop\\laravel\\booking\\vendor\\laravel\\framework\\src\\Illuminate\\Container\\Container.php(875): ReflectionClass->__construct('App\\\\Http\\\\Middle...')
#4 C:\\Users\\Suraj Parui\\Desktop\\laravel\\booking\\vendor\\laravel\\framework\\src\\Illuminate\\Container\\Container.php(756): Illuminate\\Container\\Container->build('App\\\\Http\\\\Middle...')
#5 C:\\Users\\Suraj Parui\\Desktop\\laravel\\booking\\vendor\\laravel\\framework\\src\\Illuminate\\Foundation\\Application.php(855): Illuminate\\Container\\Container->resolve('App\\\\Http\\\\Middle...', Array, true)
#6 C:\\Users\\Suraj Parui\\Desktop\\laravel\\booking\\vendor\\laravel\\framework\\src\\Illuminate\\Container\\Container.php(692): Illuminate\\Foundation\\Application->resolve('App\\\\Http\\\\Middle...', Array)
#7 C:\\Users\\Suraj Parui\\Desktop\\laravel\\booking\\vendor\\laravel\\framework\\src\\Illuminate\\Foundation\\Application.php(840): Illuminate\\Container\\Container->make('App\\\\Http\\\\Middle...', Array)
#8 C:\\Users\\Suraj Parui\\Desktop\\laravel\\booking\\vendor\\laravel\\framework\\src\\Illuminate\\Pipeline\\Pipeline.php(169): Illuminate\\Foundation\\Application->make('App\\\\Http\\\\Middle...')
#9 C:\\Users\\Suraj Parui\\Desktop\\laravel\\booking\\vendor\\laravel\\framework\\src\\Illuminate\\Pipeline\\Pipeline.php(116): Illuminate\\Pipeline\\Pipeline->Illuminate\\Pipeline\\{closure}(Object(Illuminate\\Http\\Request))
#10 C:\\Users\\Suraj Parui\\Desktop\\laravel\\booking\\vendor\\laravel\\framework\\src\\Illuminate\\Foundation\\Http\\Kernel.php(142): Illuminate\\Pipeline\\Pipeline->then(Object(Closure))
#11 C:\\Users\\Suraj Parui\\Desktop\\laravel\\booking\\vendor\\laravel\\framework\\src\\Illuminate\\Foundation\\Http\\Kernel.php(111): Illuminate\\Foundation\\Http\\Kernel->sendRequestThroughRouter(Object(Illuminate\\Http\\Request))
#12 C:\\Users\\Suraj Parui\\Desktop\\laravel\\booking\\public\\index.php(52): Illuminate\\Foundation\\Http\\Kernel->handle(Object(Illuminate\\Http\\Request))
#13 C:\\Users\\Suraj Parui\\Desktop\\laravel\\booking\\server.php(21): require_once('C:\\\\Users\\\\Suraj ...')
#14 {main}
"} 
[2022-06-01 04:22:04] local.ERROR: Class "Fideloper\Proxy\TrustProxies" not found {"exception":"[object] (Error(code: 0): Class \"Fideloper\\Proxy\\TrustProxies\" not found at C:\\Users\\Suraj Parui\\Desktop\\laravel\\booking\\app\\Http\\Middleware\\TrustProxies.php:8)
[stacktrace]
#0 C:\\Users\\Suraj Parui\\Desktop\\laravel\\booking\\vendor\\composer\\ClassLoader.php(571): include()
#1 C:\\Users\\Suraj Parui\\Desktop\\laravel\\booking\\vendor\\composer\\ClassLoader.php(428): Composer\\Autoload\\includeFile('C:\\\\Users\\\\Suraj ...')
#2 [internal function]: Composer\\Autoload\\ClassLoader->loadClass('App\\\\Http\\\\Middle...')
#3 C:\\Users\\Suraj Parui\\Desktop\\laravel\\booking\\vendor\\laravel\\framework\\src\\Illuminate\\Container\\Container.php(875): ReflectionClass->__construct('App\\\\Http\\\\Middle...')
#4 C:\\Users\\Suraj Parui\\Desktop\\laravel\\booking\\vendor\\laravel\\framework\\src\\Illuminate\\Container\\Container.php(756): Illuminate\\Container\\Container->build('App\\\\Http\\\\Middle...')
#5 C:\\Users\\Suraj Parui\\Desktop\\laravel\\booking\\vendor\\laravel\\framework\\src\\Illuminate\\Foundation\\Application.php(855): Illuminate\\Container\\Container->resolve('App\\\\Http\\\\Middle...', Array, true)
#6 C:\\Users\\Suraj Parui\\Desktop\\laravel\\booking\\vendor\\laravel\\framework\\src\\Illuminate\\Container\\Container.php(692): Illuminate\\Foundation\\Application->resolve('App\\\\Http\\\\Middle...', Array)
#7 C:\\Users\\Suraj Parui\\Desktop\\laravel\\booking\\vendor\\laravel\\framework\\src\\Illuminate\\Foundation\\Application.php(840): Illuminate\\Container\\Container->make('App\\\\Http\\\\Middle...', Array)
#8 C:\\Users\\Suraj Parui\\Desktop\\laravel\\booking\\vendor\\laravel\\framework\\src\\Illuminate\\Foundation\\Http\\Kernel.php(206): Illuminate\\Foundation\\Application->make('App\\\\Http\\\\Middle...')
#9 C:\\Users\\Suraj Parui\\Desktop\\laravel\\booking\\vendor\\laravel\\framework\\src\\Illuminate\\Foundation\\Http\\Kernel.php(180): Illuminate\\Foundation\\Http\\Kernel->terminateMiddleware(Object(Illuminate\\Http\\Request), Object(Illuminate\\Http\\Response))
#10 C:\\Users\\Suraj Parui\\Desktop\\laravel\\booking\\public\\index.php(55): Illuminate\\Foundation\\Http\\Kernel->terminate(Object(Illuminate\\Http\\Request), Object(Illuminate\\Http\\Response))
#11 C:\\Users\\Suraj Parui\\Desktop\\laravel\\booking\\server.php(21): require_once('C:\\\\Users\\\\Suraj ...')
#12 {main}
"} 
